app/build/intermediates/manifest_merge_blame_file/debug/manifest-merger-blame-debug-report.txt
1<?xml version="1.0" encoding="utf-8"?>
2<manifest xmlns:android="http://schemas.android.com/apk/res/android"
3    package="com.callbridge.app"
4    android:versionCode="1"
5    android:versionName="1.0" >
6
7    <uses-sdk
8        android:minSdkVersion="26"
9        android:targetSdkVersion="34" />
10
11    <uses-permission android:name="android.permission.INTERNET" />
11-->src\main\AndroidManifest.xml:5:5-67
11-->src\main\AndroidManifest.xml:5:22-64
12    <uses-permission android:name="android.permission.CALL_PHONE" />
12-->src\main\AndroidManifest.xml:6:5-69
12-->src\main\AndroidManifest.xml:6:22-66
13    <uses-permission android:name="android.permission.READ_PHONE_STATE" />
13-->src\main\AndroidManifest.xml:7:5-75
13-->src\main\AndroidManifest.xml:7:22-72
14    <uses-permission android:name="android.permission.FOREGROUND_SERVICE" />
14-->src\main\AndroidManifest.xml:8:5-77
14-->src\main\AndroidManifest.xml:8:22-74
15    <uses-permission android:name="android.permission.FOREGROUND_SERVICE_DATA_SYNC" />
15-->src\main\AndroidManifest.xml:9:5-87
15-->src\main\AndroidManifest.xml:9:22-84
16    <uses-permission android:name="android.permission.POST_NOTIFICATIONS" />
16-->src\main\AndroidManifest.xml:10:5-77
16-->src\main\AndroidManifest.xml:10:22-74
17    <uses-permission android:name="android.permission.RECEIVE_BOOT_COMPLETED" />
17-->src\main\AndroidManifest.xml:11:5-81
17-->src\main\AndroidManifest.xml:11:22-78
18    <uses-permission android:name="android.permission.REQUEST_IGNORE_BATTERY_OPTIMIZATIONS" />
18-->src\main\AndroidManifest.xml:12:5-95
18-->src\main\AndroidManifest.xml:12:22-92
19    <uses-permission android:name="android.permission.WAKE_LOCK" />
19-->src\main\AndroidManifest.xml:13:5-68
19-->src\main\AndroidManifest.xml:13:22-65
20    <uses-permission android:name="android.permission.SCHEDULE_EXACT_ALARM" />
20-->src\main\AndroidManifest.xml:14:5-79
20-->src\main\AndroidManifest.xml:14:22-76
21
22    <permission
22-->[androidx.core:core:1.12.0] AndroidManifest.xml:22:5-24:47
23        android:name="com.callbridge.app.DYNAMIC_RECEIVER_NOT_EXPORTED_PERMISSION"
23-->[androidx.core:core:1.12.0] AndroidManifest.xml:23:9-81
24        android:protectionLevel="signature" />
24-->[androidx.core:core:1.12.0] AndroidManifest.xml:24:9-44
25
26    <uses-permission android:name="com.callbridge.app.DYNAMIC_RECEIVER_NOT_EXPORTED_PERMISSION" />
26-->[androidx.core:core:1.12.0] AndroidManifest.xml:26:5-97
26-->[androidx.core:core:1.12.0] AndroidManifest.xml:26:22-94
27
28    <application
28-->src\main\AndroidManifest.xml:16:5-58:19
29        android:name="com.callbridge.app.CallBridgeApp"
29-->src\main\AndroidManifest.xml:17:9-38
30        android:allowBackup="true"
30-->src\main\AndroidManifest.xml:18:9-35
31        android:appComponentFactory="androidx.core.app.CoreComponentFactory"
31-->[androidx.core:core:1.12.0] AndroidManifest.xml:28:18-86
32        android:debuggable="true"
33        android:extractNativeLibs="false"
34        android:label="CallBridge"
34-->src\main\AndroidManifest.xml:19:9-35
35        android:theme="@style/Theme.CallBridge" >
35-->src\main\AndroidManifest.xml:20:9-48
36        <activity
36-->src\main\AndroidManifest.xml:22:9-28:67
37            android:name="com.callbridge.app.CallTrampolineActivity"
37-->src\main\AndroidManifest.xml:23:13-51
38            android:excludeFromRecents="true"
38-->src\main\AndroidManifest.xml:25:13-46
39            android:exported="false"
39-->src\main\AndroidManifest.xml:24:13-37
40            android:launchMode="singleInstance"
40-->src\main\AndroidManifest.xml:27:13-48
41            android:noHistory="true"
41-->src\main\AndroidManifest.xml:26:13-37
42            android:theme="@style/Theme.CallBridge.Transparent" />
42-->src\main\AndroidManifest.xml:28:13-64
43        <activity
43-->src\main\AndroidManifest.xml:30:9-37:20
44            android:name="com.callbridge.app.MainActivity"
44-->src\main\AndroidManifest.xml:31:13-41
45            android:exported="true" >
45-->src\main\AndroidManifest.xml:32:13-36
46            <intent-filter>
46-->src\main\AndroidManifest.xml:33:13-36:29
47                <action android:name="android.intent.action.MAIN" />
47-->src\main\AndroidManifest.xml:34:17-69
47-->src\main\AndroidManifest.xml:34:25-66
48
49                <category android:name="android.intent.category.LAUNCHER" />
49-->src\main\AndroidManifest.xml:35:17-77
49-->src\main\AndroidManifest.xml:35:27-74
50            </intent-filter>
51        </activity>
52
53        <service
53-->src\main\AndroidManifest.xml:39:9-43:44
54            android:name="com.callbridge.app.NtfyListenerService"
54-->src\main\AndroidManifest.xml:40:13-48
55            android:exported="false"
55-->src\main\AndroidManifest.xml:42:13-37
56            android:foregroundServiceType="dataSync"
56-->src\main\AndroidManifest.xml:41:13-53
57            android:stopWithTask="false" />
57-->src\main\AndroidManifest.xml:43:13-41
58
59        <receiver
59-->src\main\AndroidManifest.xml:45:9-52:20
60            android:name="com.callbridge.app.BootReceiver"
60-->src\main\AndroidManifest.xml:46:13-41
61            android:exported="true" >
61-->src\main\AndroidManifest.xml:47:13-36
62            <intent-filter>
62-->src\main\AndroidManifest.xml:48:13-51:29
63                <action android:name="android.intent.action.BOOT_COMPLETED" />
63-->src\main\AndroidManifest.xml:49:17-79
63-->src\main\AndroidManifest.xml:49:25-76
64                <action android:name="android.intent.action.MY_PACKAGE_REPLACED" />
64-->src\main\AndroidManifest.xml:50:17-84
64-->src\main\AndroidManifest.xml:50:25-81
65            </intent-filter>
66        </receiver>
67        <receiver
67-->src\main\AndroidManifest.xml:54:9-56:40
68            android:name="com.callbridge.app.WatchdogReceiver"
68-->src\main\AndroidManifest.xml:55:13-45
69            android:exported="false" />
69-->src\main\AndroidManifest.xml:56:13-37
70
71        <provider
71-->[androidx.emoji2:emoji2:1.2.0] AndroidManifest.xml:24:9-32:20
72            android:name="androidx.startup.InitializationProvider"
72-->[androidx.emoji2:emoji2:1.2.0] AndroidManifest.xml:25:13-67
73            android:authorities="com.callbridge.app.androidx-startup"
73-->[androidx.emoji2:emoji2:1.2.0] AndroidManifest.xml:26:13-68
74            android:exported="false" >
74-->[androidx.emoji2:emoji2:1.2.0] AndroidManifest.xml:27:13-37
75            <meta-data
75-->[androidx.emoji2:emoji2:1.2.0] AndroidManifest.xml:29:13-31:52
76                android:name="androidx.emoji2.text.EmojiCompatInitializer"
76-->[androidx.emoji2:emoji2:1.2.0] AndroidManifest.xml:30:17-75
77                android:value="androidx.startup" />
77-->[androidx.emoji2:emoji2:1.2.0] AndroidManifest.xml:31:17-49
78            <meta-data
78-->[androidx.lifecycle:lifecycle-process:2.4.1] AndroidManifest.xml:31:13-33:52
79                android:name="androidx.lifecycle.ProcessLifecycleInitializer"
79-->[androidx.lifecycle:lifecycle-process:2.4.1] AndroidManifest.xml:32:17-78
80                android:value="androidx.startup" />
80-->[androidx.lifecycle:lifecycle-process:2.4.1] AndroidManifest.xml:33:17-49
81        </provider>
82    </application>
83
84</manifest>